Arguments: 
  C:\Program Files\nodejs\node.exe C:\Users\Regiel\AppData\Roaming\npm\node_modules\yarn\bin\yarn.js add @vercel/node @vercel/static

PATH: 
  C:\Users\Regiel\bin;C:\Program Files\Git\mingw64\bin;C:\Program Files\Git\usr\local\bin;C:\Program Files\Git\usr\bin;C:\Program Files\Git\usr\bin;C:\Program Files\Git\mingw64\bin;C:\Program Files\Git\usr\bin;C:\Users\Regiel\bin;C:\Program Files\Common Files\Oracle\Java\javapath;C:\Program Files (x86)\Common Files\Oracle\Java\javapath;C:\Windows\system32;C:\Windows;C:\Windows\System32\Wbem;C:\Windows\System32\WindowsPowerShell\v1.0;C:\Windows\System32\OpenSSH;C:\Program Files (x86)\NVIDIA Corporation\PhysX\Common;C:\Program Files\NVIDIA Corporation\NVIDIA NvDLISR;C:\WINDOWS\system32;C:\WINDOWS;C:\WINDOWS\System32\Wbem;C:\WINDOWS\System32\WindowsPowerShell\v1.0;C:\WINDOWS\System32\OpenSSH;C:\ProgramData\chocolatey\bin;C:\Program Files\Git\cmd;C:\Program Files\GitHub CLI;C:\Program Files\Git LFS;C:\Program Files\dotnet;C:\Program Files\nodejs;C:\Program Files\Java\jdk-20\bin;C:\Program Files\flutter\bin;C:\Users\Regiel\AppData\Local\Programs\Python\Python39\Scripts;C:\Users\Regiel\AppData\Local\Programs\Python\Python39;C:\Users\Regiel\AppData\Local\Microsoft\WindowsApps;C:\Users\Regiel\AppData\Local\Programs\Microsoft VS Code\bin;C:\Program Files\JetBrains\IntelliJ IDEA Community Edition 2023.3.2\bin;C:\mongosh-2.1.1-win32-x64\mongosh-2.1.1-win32-x64\bin;C:\Users\Regiel\AppData\Roaming\npm;C:\Users\Regiel\AppData\Local\Programs\mongosh;C:\tools\dart-sdk\bin;C:\Users\Regiel\AppData\Local\Pub\Cache\bin;C:\Program Files\Git\usr\bin\vendor_perl;C:\Program Files\Git\usr\bin\core_perl

Yarn version: 
  1.22.19

Node version: 
  20.12.0

Platform: 
  win32 x64

Trace: 
  Error: https://registry.yarnpkg.com/@vercel%2fstatic: Not found
      at params.callback [as _callback] (C:\Users\Regiel\AppData\Roaming\npm\node_modules\yarn\lib\cli.js:66145:18)
      at self.callback (C:\Users\Regiel\AppData\Roaming\npm\node_modules\yarn\lib\cli.js:140890:22)
      at Request.emit (node:events:518:28)
      at Request.<anonymous> (C:\Users\Regiel\AppData\Roaming\npm\node_modules\yarn\lib\cli.js:141862:10)
      at Request.emit (node:events:518:28)
      at IncomingMessage.<anonymous> (C:\Users\Regiel\AppData\Roaming\npm\node_modules\yarn\lib\cli.js:141784:12)
      at Object.onceWrapper (node:events:632:28)
      at IncomingMessage.emit (node:events:530:35)
      at endReadableNT (node:internal/streams/readable:1696:12)
      at process.processTicksAndRejections (node:internal/process/task_queues:82:21)

npm manifest: 
  {
    "name": "SoftEng",
    "version": "1.0.0",
    "main": "index.js",
    "repository": "https://github.com/MeisZy/software-engineering.git",
    "author": "MeisZy <zyrusnw@gmail.com>",
    "license": "MIT"
  }

yarn manifest: 
  No manifest

Lockfile: 
  No lockfile
